c:\users\kingwang\desktop\15pb\所有项目\王昊-加壳器项目\jiakeqi\jiakeqi\release\jiakeqi.pch
c:\users\kingwang\desktop\15pb\所有项目\王昊-加壳器项目\jiakeqi\jiakeqi\release\vc142.pdb
c:\users\kingwang\desktop\15pb\所有项目\王昊-加壳器项目\jiakeqi\jiakeqi\release\pch.obj
c:\users\kingwang\desktop\15pb\所有项目\王昊-加壳器项目\jiakeqi\jiakeqi\release\lz4.obj
c:\users\kingwang\desktop\15pb\所有项目\王昊-加壳器项目\jiakeqi\jiakeqi\release\jiakeqidlg.obj
c:\users\kingwang\desktop\15pb\所有项目\王昊-加壳器项目\jiakeqi\jiakeqi\release\jiakeqi.obj
c:\users\kingwang\desktop\15pb\所有项目\王昊-加壳器项目\jiakeqi\jiakeqi\release\ctool.obj
c:\users\kingwang\desktop\15pb\所有项目\王昊-加壳器项目\jiakeqi\release\jiakeqi.exe
c:\users\kingwang\desktop\15pb\所有项目\王昊-加壳器项目\jiakeqi\jiakeqi\release\jiakeqi.ipdb
c:\users\kingwang\desktop\15pb\所有项目\王昊-加壳器项目\jiakeqi\jiakeqi\release\jiakeqi.iobj
c:\users\kingwang\desktop\15pb\所有项目\王昊-加壳器项目\jiakeqi\release\jiakeqi.pdb
c:\users\kingwang\desktop\15pb\所有项目\王昊-加壳器项目\jiakeqi\jiakeqi\release\jiakeqi.res
c:\users\kingwang\desktop\15pb\所有项目\王昊-加壳器项目\jiakeqi\jiakeqi\release\jiakeqi.tlog\cl.command.1.tlog
c:\users\kingwang\desktop\15pb\所有项目\王昊-加壳器项目\jiakeqi\jiakeqi\release\jiakeqi.tlog\cl.read.1.tlog
c:\users\kingwang\desktop\15pb\所有项目\王昊-加壳器项目\jiakeqi\jiakeqi\release\jiakeqi.tlog\cl.write.1.tlog
c:\users\kingwang\desktop\15pb\所有项目\王昊-加壳器项目\jiakeqi\jiakeqi\release\jiakeqi.tlog\link.command.1.tlog
c:\users\kingwang\desktop\15pb\所有项目\王昊-加壳器项目\jiakeqi\jiakeqi\release\jiakeqi.tlog\link.read.1.tlog
c:\users\kingwang\desktop\15pb\所有项目\王昊-加壳器项目\jiakeqi\jiakeqi\release\jiakeqi.tlog\link.write.1.tlog
c:\users\kingwang\desktop\15pb\所有项目\王昊-加壳器项目\jiakeqi\jiakeqi\release\jiakeqi.tlog\rc.command.1.tlog
c:\users\kingwang\desktop\15pb\所有项目\王昊-加壳器项目\jiakeqi\jiakeqi\release\jiakeqi.tlog\rc.read.1.tlog
c:\users\kingwang\desktop\15pb\所有项目\王昊-加壳器项目\jiakeqi\jiakeqi\release\jiakeqi.tlog\rc.write.1.tlog
